============================= test session starts ==============================
platform darwin -- Python 3.9.6, pytest-8.4.2, pluggy-1.6.0
rootdir: /Users/myn0name/Desktop/IT/Courses/SoftServe/DevOpsFactory/Week_4/GitHubActions/tasks/task
plugins: cov-7.1.0
collected 2 items

tests/test_app.py ..                                                     [100%]

================================ tests coverage ================================
_______________ coverage: platform darwin, python 3.9.6-final-0 ________________

Name           Stmts   Miss  Cover
----------------------------------
myapp/app.py       4      0   100%
----------------------------------
TOTAL              4      0   100%
============================== 2 passed in 0.02s ===============================
